<?xml version="1.0" encoding="UTF-8"?>
<!-- Generated by org.testng.reporters.JUnitXMLReporter -->
<testsuite hostname="Flipkart-MacBookPro-18.local" tests="4" failures="0" timestamp="20 Aug 2013 09:15:04 GMT" time="2.718" errors="0">
  <testcase name="kellyExceptionsTest" time="0.0080" classname="KellyTest"/>
  <testcase name="noCacheEntryTest" time="0.0" classname="KellyTest"/>
  <testcase name="reloadCacheEntryTest" time="2.016" classname="KellyTest"/>
  <testcase name="testCallable" time="0.502" classname="LoaderCallableTest"/>
</testsuite>
