<?xml version="1.0" encoding="UTF-8"?>
<testng-results skipped="0" failed="0" total="4" passed="4">
  <reporter-output>
  </reporter-output>
  <suite name="Command line suite" duration-ms="2718" started-at="2013-08-20T09:15:01Z" finished-at="2013-08-20T09:15:04Z">
    <groups>
    </groups>
    <test name="Command line test" duration-ms="2718" started-at="2013-08-20T09:15:01Z" finished-at="2013-08-20T09:15:04Z">
      <class name="KellyTest">
        <test-method status="PASS" signature="kellyExceptionsTest()[pri:0, instance:KellyTest@e60e128]" name="kellyExceptionsTest" duration-ms="8" started-at="2013-08-20T14:45:01Z" finished-at="2013-08-20T14:45:01Z">
          <reporter-output>
          </reporter-output>
        </test-method> <!-- kellyExceptionsTest -->
        <test-method status="PASS" signature="noCacheEntryTest()[pri:0, instance:KellyTest@e60e128]" name="noCacheEntryTest" duration-ms="0" started-at="2013-08-20T14:45:01Z" finished-at="2013-08-20T14:45:01Z">
          <reporter-output>
          </reporter-output>
        </test-method> <!-- noCacheEntryTest -->
        <test-method status="PASS" signature="reloadCacheEntryTest()[pri:0, instance:KellyTest@e60e128]" name="reloadCacheEntryTest" duration-ms="2016" started-at="2013-08-20T14:45:01Z" finished-at="2013-08-20T14:45:03Z">
          <reporter-output>
          </reporter-output>
        </test-method> <!-- reloadCacheEntryTest -->
      </class> <!-- KellyTest -->
      <class name="LoaderCallableTest">
        <test-method status="PASS" signature="setUp()[pri:0, instance:LoaderCallableTest@3abc8e1e]" name="setUp" is-config="true" duration-ms="180" started-at="2013-08-20T14:45:01Z" finished-at="2013-08-20T14:45:01Z">
          <reporter-output>
          </reporter-output>
        </test-method> <!-- setUp -->
        <test-method status="PASS" signature="testCallable()[pri:0, instance:LoaderCallableTest@3abc8e1e]" name="testCallable" duration-ms="502" started-at="2013-08-20T14:45:03Z" finished-at="2013-08-20T14:45:04Z">
          <reporter-output>
          </reporter-output>
        </test-method> <!-- testCallable -->
      </class> <!-- LoaderCallableTest -->
    </test> <!-- Command line test -->
  </suite> <!-- Command line suite -->
</testng-results>
