<?xml version="1.0" encoding="UTF-8" ?>
<testsuite failures="0" time="13.128" errors="0" skipped="0" tests="11" name="TestSuite">
  <properties>
[...]
</properties>
  <testcase time="0.001" classname="lego.gracekelly.CacheEntryTest" name="cacheEntryWithTTL"/>
  <testcase time="0" classname="lego.gracekelly.CacheEntryTest" name="cacheEntryWithoutTTL"/>
  <testcase time="0.014" classname="lego.gracekelly.KellyTest" name="kellyPutTest"/>
  <testcase time="0" classname="lego.gracekelly.KellyTest" name="noCacheEntryTest"/>
  <testcase time="4.005" classname="lego.gracekelly.KellyTest" name="reloadCacheEntryTest"/>
  <testcase time="3.003" classname="lego.gracekelly.KellyTest" name="requestsInFlightTest"/>
  <testcase time="1.003" classname="lego.gracekelly.KellyTest" name="ttlZeroTest"/>
  <testcase time="0.003" classname="lego.gracekelly.KellyTest" name="kellyExceptionsTest"/>
  <testcase time="0.001" classname="lego.gracekelly.KellyTest" name="kellyGetTest"/>
  <testcase time="0.511" classname="lego.gracekelly.LoaderCallableTest" name="testCallable"/>
  <testcase time="4.003" classname="lego.gracekelly.KellyTest" name="expireTest"/>
</testsuite>